<?xml version="1.0" encoding="UTF-8"?>
<!-- Generated by org.testng.reporters.JUnitReportReporter -->
<testsuite hostname="LAPTOP-5C1T871B" failures="0" tests="2" name="testNGPack2.Demo3" time="0.021" errors="0" timestamp="2023-07-17T08:23:15 IST" skipped="0">
  <testcase classname="testNGPack2.Demo3" name="method6" time="0.016">
    <system-out>
      <![CDATA[This is method6]]>
    </system-out>
  </testcase> <!-- method6 -->
  <testcase classname="testNGPack2.Demo3" name="method5" time="0.005">
    <system-out>
      <![CDATA[This is method5]]>
    </system-out>
  </testcase> <!-- method5 -->
  <system-out>
    <![CDATA[This is method1
This is method2
This is method3
This is method4
This is method5
This is method6]]>
  </system-out>
</testsuite> <!-- testNGPack2.Demo3 -->
