<?xml version="1.0" encoding="UTF-8"?>
<!-- Generated by org.testng.reporters.JUnitReportReporter -->
<testsuite hostname="LAPTOP-5C1T871B" failures="0" tests="2" name="testNGAnnotation_Flags.Flag1" time="0.024" errors="0" timestamp="2023-07-20T03:20:02 IST" skipped="0">
  <testcase classname="testNGAnnotation_Flags.Flag1" name="method1" time="0.019">
    <system-out>
      <![CDATA[method1 From flag1]]>
    </system-out>
  </testcase> <!-- method1 -->
  <testcase classname="testNGAnnotation_Flags.Flag1" name="method2" time="0.005">
    <system-out>
      <![CDATA[method1 From flag1]]>
    </system-out>
  </testcase> <!-- method2 -->
  <system-out>
    <![CDATA[method1 From flag1
method1 From flag1]]>
  </system-out>
</testsuite> <!-- testNGAnnotation_Flags.Flag1 -->
