<?xml version="1.0" encoding="UTF-8"?>
<!-- Generated by org.testng.reporters.JUnitReportReporter -->
<testsuite hostname="LAPTOP-5C1T871B" failures="0" tests="2" name="testNGExecution.TestMethod3" time="0.056" errors="0" timestamp="2023-07-18T03:05:10 IST" skipped="0">
  <testcase classname="testNGExecution.TestMethod3" name="testmethod6" time="0.028">
    <system-out>
      <![CDATA[thread id of testmethod6 :22]]>
    </system-out>
  </testcase> <!-- testmethod6 -->
  <testcase classname="testNGExecution.TestMethod3" name="testmethod5" time="0.028">
    <system-out>
      <![CDATA[thread id of testmethod5 :21]]>
    </system-out>
  </testcase> <!-- testmethod5 -->
  <system-out>
    <![CDATA[thread id of testmethod1 :19
thread id of testmethod2 :20
thread id of testmethod5 :21
thread id of testmethod6 :22
thread id of testmethod3 :23
thread id of testmethod4 :19]]>
  </system-out>
</testsuite> <!-- testNGExecution.TestMethod3 -->
