<?xml version="1.0" encoding="UTF-8"?>
<!-- Generated by org.testng.reporters.JUnitReportReporter -->
<testsuite hostname="LAPTOP-5C1T871B" failures="0" tests="1" name="testNGPackage.Sumo" time="7.965" errors="0" timestamp="2023-07-17T08:06:06 IST" skipped="0">
  <testcase classname="testNGPackage.Sumo" name="h" time="7.965">
    <system-out>
      <![CDATA[This is Sumo TestNG Class!!]]>
    </system-out>
  </testcase> <!-- h -->
  <system-out>
    <![CDATA[This is Demo TestNG Class!!
This is Remo TestNG Class!!
This is Sumo TestNG Class!!]]>
  </system-out>
</testsuite> <!-- testNGPackage.Sumo -->
