<?xml version="1.0" encoding="UTF-8"?>
<!-- Generated by org.testng.reporters.JUnitReportReporter -->
<testsuite hostname="LAPTOP-5C1T871B" failures="0" tests="1" name="testNGExecution.Test1" time="17.049" errors="0" timestamp="2023-07-18T03:02:11 IST" skipped="0">
  <testcase classname="testNGExecution.Test1" name="testmethod1" time="17.049">
    <system-out>
      <![CDATA[This is Demo TestNG Class!!]]>
    </system-out>
  </testcase> <!-- testmethod1 -->
  <system-out>
    <![CDATA[thread id of testmethod1 :19
thread id of testmethod2 :20
thread id of testmethod5 :19
thread id of testmethod6 :20
thread id of testmethod3 :19
thread id of testmethod4 :20
This is Demo TestNG Class!!
This is Remo TestNG Class!!
This is Sumo TestNG Class!!]]>
  </system-out>
</testsuite> <!-- testNGExecution.Test1 -->
