<?xml version="1.0" encoding="UTF-8"?>
<!-- Generated by org.testng.reporters.JUnitReportReporter -->
<testsuite hostname="LAPTOP-5C1T871B" failures="0" tests="1" name="testNGP.Sumo11" time="0.019" errors="0" timestamp="2023-07-17T07:58:25 IST" skipped="0">
  <testcase classname="testNGP.Sumo11" name="h" time="0.019">
    <system-out>
      <![CDATA[This is Sumo TestNG Class!!]]>
    </system-out>
  </testcase> <!-- h -->
  <system-out>
    <![CDATA[This is Sumo TestNG Class!!
This is Remo TestNG Class!!
This is Demo TestNG Class!!]]>
  </system-out>
</testsuite> <!-- testNGP.Sumo11 -->
