<?xml version="1.0" encoding="UTF-8"?>
<!-- Generated by org.testng.reporters.JUnitReportReporter -->
<testsuite hostname="LAPTOP-5C1T871B" failures="0" tests="2" name="testNGAnnotation_Flags.AnnotationsClass" time="0.018" errors="0" timestamp="2023-07-19T03:40:05 IST" skipped="0">
  <testcase classname="testNGAnnotation_Flags.AnnotationsClass" name="method10" time="0.005">
    <system-out>
      <![CDATA[TestAnotation2]]>
    </system-out>
  </testcase> <!-- method10 -->
  <testcase classname="testNGAnnotation_Flags.AnnotationsClass" name="method1" time="0.013">
    <system-out>
      <![CDATA[This is method1 of TestAnnotation]]>
    </system-out>
  </testcase> <!-- method1 -->
  <system-out>
    <![CDATA[BeforeSuiteAnotation
BeforeTestAnotation
BeforeClassAnnotation
BeforeMethodAnnotation
This is method1 of TestAnnotation
AfterMethodAnnotation
BeforeMethodAnnotation
TestAnotation2
AfterMethodAnnotation
AfterClassAnnotation
AfterTestAnotation
AfterSuiteAnotation]]>
  </system-out>
</testsuite> <!-- testNGAnnotation_Flags.AnnotationsClass -->
