<?xml version="1.0" encoding="UTF-8"?>
<!-- Generated by org.testng.reporters.JUnitReportReporter -->
<testsuite hostname="LAPTOP-5C1T871B" failures="0" tests="2" name="testNGPack2.Demo1" time="0.038" errors="0" timestamp="2023-07-17T08:23:15 IST" skipped="0">
  <testcase classname="testNGPack2.Demo1" name="method2" time="0.013">
    <system-out>
      <![CDATA[This is method2]]>
    </system-out>
  </testcase> <!-- method2 -->
  <testcase classname="testNGPack2.Demo1" name="method1" time="0.025">
    <system-out>
      <![CDATA[This is method1]]>
    </system-out>
  </testcase> <!-- method1 -->
  <system-out>
    <![CDATA[This is method1
This is method2
This is method3
This is method4
This is method5
This is method6]]>
  </system-out>
</testsuite> <!-- testNGPack2.Demo1 -->
