<?xml version="1.0" encoding="UTF-8"?>
<!-- Generated by org.testng.reporters.JUnitReportReporter -->
<testsuite hostname="LAPTOP-5C1T871B" failures="0" tests="2" name="testNGExecution.TestMethod2" time="0.041" errors="0" timestamp="2023-07-18T03:05:10 IST" skipped="0">
  <testcase classname="testNGExecution.TestMethod2" name="testmethod4" time="0.014">
    <system-out>
      <![CDATA[thread id of testmethod4 :19]]>
    </system-out>
  </testcase> <!-- testmethod4 -->
  <testcase classname="testNGExecution.TestMethod2" name="testmethod3" time="0.027">
    <system-out>
      <![CDATA[thread id of testmethod3 :23]]>
    </system-out>
  </testcase> <!-- testmethod3 -->
  <system-out>
    <![CDATA[thread id of testmethod1 :19
thread id of testmethod2 :20
thread id of testmethod5 :21
thread id of testmethod6 :22
thread id of testmethod3 :23
thread id of testmethod4 :19]]>
  </system-out>
</testsuite> <!-- testNGExecution.TestMethod2 -->
