<?xml version="1.0" encoding="UTF-8"?>
<!-- Generated by org.testng.reporters.JUnitReportReporter -->
<testsuite hostname="LAPTOP-5C1T871B" failures="0" tests="2" name="testNGExecution.SelectBrowser" time="25.109" errors="0" timestamp="2023-07-19T03:02:14 IST" skipped="0">
  <testcase classname="testNGExecution.SelectBrowser" name="chromeMethod" time="15.988"/>
  <testcase classname="testNGExecution.SelectBrowser" name="chromeMethod" time="9.121"/>
</testsuite> <!-- testNGExecution.SelectBrowser -->
