<?xml version="1.0" encoding="UTF-8"?>
<!-- Generated by org.testng.reporters.JUnitReportReporter -->
<testsuite hostname="LAPTOP-5C1T871B" failures="0" tests="1" name="testNGExecution.Test3" time="21.330" errors="0" timestamp="2023-07-18T03:02:11 IST" skipped="0">
  <testcase classname="testNGExecution.Test3" name="testmethod3" time="21.330">
    <system-out>
      <![CDATA[This is Sumo TestNG Class!!]]>
    </system-out>
  </testcase> <!-- testmethod3 -->
  <system-out>
    <![CDATA[thread id of testmethod1 :19
thread id of testmethod2 :20
thread id of testmethod5 :19
thread id of testmethod6 :20
thread id of testmethod3 :19
thread id of testmethod4 :20
This is Demo TestNG Class!!
This is Remo TestNG Class!!
This is Sumo TestNG Class!!]]>
  </system-out>
</testsuite> <!-- testNGExecution.Test3 -->
