<?xml version="1.0" encoding="UTF-8"?>
<!-- Generated by org.testng.reporters.JUnitReportReporter -->
<testsuite hostname="LAPTOP-5C1T871B" failures="0" tests="1" name="testNGP.Demo11" time="0.008" errors="0" timestamp="2023-07-17T07:58:25 IST" skipped="0">
  <testcase classname="testNGP.Demo11" name="f" time="0.008">
    <system-out>
      <![CDATA[This is Demo TestNG Class!!]]>
    </system-out>
  </testcase> <!-- f -->
  <system-out>
    <![CDATA[This is Sumo TestNG Class!!
This is Remo TestNG Class!!
This is Demo TestNG Class!!]]>
  </system-out>
</testsuite> <!-- testNGP.Demo11 -->
