<?xml version="1.0" encoding="UTF-8"?>
<!-- Generated by org.testng.reporters.JUnitReportReporter -->
<testsuite hostname="LAPTOP-5C1T871B" failures="0" tests="2" name="testNGPack2.Demo2" time="0.009" errors="0" timestamp="2023-07-17T08:23:15 IST" skipped="0">
  <testcase classname="testNGPack2.Demo2" name="method4" time="0.004">
    <system-out>
      <![CDATA[This is method4]]>
    </system-out>
  </testcase> <!-- method4 -->
  <testcase classname="testNGPack2.Demo2" name="method3" time="0.005">
    <system-out>
      <![CDATA[This is method3]]>
    </system-out>
  </testcase> <!-- method3 -->
  <system-out>
    <![CDATA[This is method1
This is method2
This is method3
This is method4
This is method5
This is method6]]>
  </system-out>
</testsuite> <!-- testNGPack2.Demo2 -->
