<?xml version="1.0" encoding="UTF-8"?>
<!-- Generated by org.testng.reporters.JUnitReportReporter -->
<testsuite hostname="LAPTOP-5C1T871B" failures="0" tests="2" name="testNGExecution.TestMethod1" time="0.053" errors="0" timestamp="2023-07-18T03:05:10 IST" skipped="0">
  <testcase classname="testNGExecution.TestMethod1" name="testmethod1" time="0.026">
    <system-out>
      <![CDATA[thread id of testmethod1 :19]]>
    </system-out>
  </testcase> <!-- testmethod1 -->
  <testcase classname="testNGExecution.TestMethod1" name="testmethod2" time="0.027">
    <system-out>
      <![CDATA[thread id of testmethod2 :20]]>
    </system-out>
  </testcase> <!-- testmethod2 -->
  <system-out>
    <![CDATA[thread id of testmethod1 :19
thread id of testmethod2 :20
thread id of testmethod5 :21
thread id of testmethod6 :22
thread id of testmethod3 :23
thread id of testmethod4 :19]]>
  </system-out>
</testsuite> <!-- testNGExecution.TestMethod1 -->
