<?xml version="1.0" encoding="UTF-8"?>
<!-- Generated by org.testng.reporters.JUnitReportReporter -->
<testsuite hostname="LAPTOP-5C1T871B" failures="0" tests="3" name="testNGAnnotation_Flags.GoogleSearchTestCase" time="26.775" errors="0" timestamp="2023-07-20T03:03:05 IST" skipped="0">
  <testcase classname="testNGAnnotation_Flags.GoogleSearchTestCase" name="search1" time="7.930"/>
  <testcase classname="testNGAnnotation_Flags.GoogleSearchTestCase" name="search3" time="8.476"/>
  <testcase classname="testNGAnnotation_Flags.GoogleSearchTestCase" name="search2" time="10.369"/>
</testsuite> <!-- testNGAnnotation_Flags.GoogleSearchTestCase -->
